0 info it worked if it ends with ok
1 verbose cli [ '/home/action/.parts/bin/node',
1 verbose cli   '/home/action/.parts/bin/npm',
1 verbose cli   'run',
1 verbose cli   'watch' ]
2 info using npm@1.4.3
3 info using node@v0.10.26
4 verbose node symlink /home/action/.parts/bin/node
5 verbose run-script [ 'prewatch', 'watch', 'postwatch' ]
6 info prewatch read-later-client@0.1.2
7 info watch read-later-client@0.1.2
8 verbose unsafe-perm in lifecycle true
9 info read-later-client@0.1.2 Failed to exec watch script
10 error read-later-client@0.1.2 watch: `webpack --watch`
10 error Exit status 137
11 error Failed at the read-later-client@0.1.2 watch script.
11 error This is most likely a problem with the read-later-client package,
11 error not with npm itself.
11 error Tell the author that this fails on your system:
11 error     webpack --watch
11 error You can get their info via:
11 error     npm owner ls read-later-client
11 error There is likely additional logging output above.
12 error System Linux 3.13.4
13 error command "/home/action/.parts/bin/node" "/home/action/.parts/bin/npm" "run" "watch"
14 error cwd /home/action/workspace/read-later-client
15 error node -v v0.10.26
16 error npm -v 1.4.3
17 error code ELIFECYCLE
18 verbose exit [ 1, true ]
